2026-02-26 19:57:11,715 | INFO | Transactions listed | Count=1
2026-02-26 20:28:35,424 | INFO | Transactions listed | Count=1
2026-02-26 20:28:47,802 | INFO | Transactions listed | Count=0
2026-02-26 20:41:32,573 | INFO | Transactions listed | Count=1
2026-02-26 20:49:26,060 | INFO | Transactions listed | Count=1
2026-02-26 20:50:32,140 | INFO | Transactions listed | Count=1
2026-02-26 20:50:41,880 | INFO | Transactions listed | Count=1
2026-02-26 20:50:48,068 | INFO | Transactions listed | Count=0
2026-02-26 20:51:34,697 | INFO | Transactions listed | Count=1
2026-02-26 20:52:51,943 | INFO | Transactions listed | Count=1
2026-02-26 20:53:00,982 | INFO | Transactions listed | Count=1
2026-02-26 20:53:15,571 | INFO | Transactions listed | Count=1
2026-02-26 20:53:31,291 | INFO | Transactions listed | Count=1
2026-02-26 20:53:51,649 | INFO | Transactions listed | Count=1
2026-02-26 20:54:25,115 | INFO | Transactions listed | Count=1
2026-02-26 21:11:50,273 | INFO | Transactions listed | Count=1
2026-03-01 12:38:21,575 | INFO | Transactions listed | Count=307
2026-03-01 12:39:11,156 | INFO | Transactions listed | Count=307
2026-03-01 12:39:30,260 | INFO | Transactions listed | Count=307
2026-03-01 12:43:37,459 | INFO | Transactions listed | Count=307
2026-03-01 14:38:31,239 | INFO | Transaction added | ID=326
2026-03-01 14:38:39,030 | INFO | Transactions listed | Count=326
2026-03-01 14:47:46,152 | INFO | Transactions listed | Count=326
2026-03-01 14:48:42,417 | INFO | Transaction updated | ID=326
2026-03-01 14:48:50,458 | INFO | Transactions listed | Count=326
2026-03-01 14:49:09,774 | INFO | Transaction soft-deleted | ID=326
2026-03-01 14:49:13,479 | INFO | Transactions listed | Count=325
2026-03-01 17:08:57,602 | INFO | Processing request of type ListToolsRequest
2026-03-01 17:09:13,349 | INFO | Processing request of type CallToolRequest
2026-03-01 17:09:41,189 | INFO | Processing request of type CallToolRequest
2026-03-01 17:10:19,197 | INFO | Processing request of type CallToolRequest
2026-03-01 17:10:19,203 | ERROR | Internal Error | SQLite objects created in a thread can only be used in that same thread. The object was created in thread id 18640 and this is thread id 5544.
2026-03-01 17:23:35,154 | INFO | Processing request of type ListToolsRequest
2026-03-01 17:23:38,971 | INFO | Processing request of type CallToolRequest
2026-03-01 17:23:39,006 | INFO | Transactions listed | Count=325
2026-03-01 17:24:06,297 | INFO | Processing request of type CallToolRequest
2026-03-02 07:18:52,746 | INFO | Processing request of type ListToolsRequest
2026-03-02 07:19:01,091 | INFO | Processing request of type CallToolRequest
2026-03-02 07:19:01,118 | INFO | Transactions listed | Count=325
2026-03-02 07:20:55,641 | INFO | Processing request of type CallToolRequest
2026-03-02 07:20:55,649 | INFO | Transaction added | ID=327
2026-03-02 07:22:07,440 | INFO | Processing request of type CallToolRequest
2026-03-02 07:22:07,446 | INFO | Transaction updated | ID=327
2026-03-02 07:22:35,635 | INFO | Processing request of type CallToolRequest
2026-03-02 07:22:35,638 | WARNING | Business Error | Code=NOT_FOUND | Message=Transaction not found or already deleted.
2026-03-02 07:23:04,593 | INFO | Processing request of type CallToolRequest
2026-03-02 07:23:04,600 | INFO | Transaction soft-deleted | ID=327
2026-03-02 07:23:36,446 | INFO | Processing request of type CallToolRequest
2026-03-02 07:24:19,844 | INFO | Processing request of type CallToolRequest
2026-03-02 08:37:18,253 | INFO | Processing request of type ListToolsRequest
2026-03-02 08:37:54,605 | INFO | Processing request of type CallToolRequest
2026-03-02 08:38:06,546 | INFO | Processing request of type CallToolRequest
2026-03-02 08:38:51,694 | INFO | Processing request of type CallToolRequest
2026-03-02 08:39:27,842 | INFO | Processing request of type CallToolRequest
2026-03-02 08:39:50,639 | INFO | Processing request of type CallToolRequest
2026-03-02 08:40:32,317 | INFO | Processing request of type CallToolRequest
2026-03-02 08:50:38,847 | INFO | Processing request of type CallToolRequest
2026-03-02 08:50:55,992 | INFO | Processing request of type CallToolRequest
2026-03-02 08:51:07,803 | INFO | Processing request of type CallToolRequest
2026-03-02 08:52:01,420 | INFO | Processing request of type CallToolRequest
2026-03-02 08:52:29,021 | INFO | Processing request of type CallToolRequest
2026-03-02 08:52:57,398 | INFO | Processing request of type CallToolRequest
2026-03-02 08:53:13,184 | INFO | Processing request of type CallToolRequest
2026-03-02 08:58:44,478 | INFO | Processing request of type CallToolRequest
2026-03-02 08:59:09,366 | INFO | Processing request of type CallToolRequest
2026-03-02 08:59:40,118 | INFO | Processing request of type CallToolRequest
2026-03-02 08:59:52,933 | INFO | Processing request of type CallToolRequest
2026-03-02 09:00:11,852 | INFO | Processing request of type CallToolRequest
2026-03-02 09:00:22,059 | INFO | Processing request of type CallToolRequest
2026-03-02 09:00:37,257 | INFO | Processing request of type CallToolRequest
2026-03-02 09:00:48,838 | INFO | Processing request of type CallToolRequest
2026-03-02 09:00:56,511 | INFO | Processing request of type CallToolRequest
2026-03-02 09:01:07,246 | INFO | Processing request of type CallToolRequest
2026-03-02 09:01:15,723 | INFO | Processing request of type CallToolRequest
2026-03-02 09:01:25,480 | INFO | Processing request of type CallToolRequest
2026-03-02 09:01:40,059 | INFO | Processing request of type CallToolRequest
2026-03-02 09:01:53,901 | INFO | Processing request of type CallToolRequest
2026-03-02 09:02:08,536 | INFO | Processing request of type CallToolRequest
2026-03-02 09:02:16,603 | INFO | Processing request of type CallToolRequest
2026-03-02 09:02:28,621 | INFO | Processing request of type CallToolRequest
2026-03-02 09:02:37,295 | INFO | Processing request of type CallToolRequest
2026-03-02 09:02:48,358 | INFO | Processing request of type CallToolRequest
2026-03-02 09:03:16,682 | INFO | Processing request of type CallToolRequest
2026-03-02 09:03:35,779 | INFO | Processing request of type CallToolRequest
2026-03-02 09:04:12,722 | INFO | Processing request of type CallToolRequest
2026-03-02 09:04:41,978 | INFO | Processing request of type CallToolRequest
2026-03-02 09:04:54,088 | INFO | Processing request of type CallToolRequest
2026-03-02 09:05:04,417 | INFO | Processing request of type CallToolRequest
2026-03-02 09:05:20,559 | INFO | Processing request of type CallToolRequest
2026-03-02 09:05:27,903 | INFO | Processing request of type CallToolRequest
2026-03-02 09:05:40,667 | INFO | Processing request of type CallToolRequest
2026-03-02 09:11:29,401 | INFO | Processing request of type ListToolsRequest
2026-03-02 09:11:44,955 | INFO | Processing request of type CallToolRequest
2026-03-02 09:15:41,857 | INFO | Processing request of type ListToolsRequest
2026-03-02 09:15:51,673 | INFO | Processing request of type CallToolRequest
2026-03-02 09:15:51,682 | INFO | Transactions listed | Count=325
2026-03-02 09:16:07,120 | INFO | Processing request of type CallToolRequest
2026-03-02 09:18:55,510 | INFO | Processing request of type ListToolsRequest
2026-03-02 09:18:59,430 | INFO | Processing request of type CallToolRequest
2026-03-02 09:18:59,437 | INFO | Transactions listed | Count=325
2026-03-02 09:19:23,796 | INFO | Processing request of type CallToolRequest
2026-03-02 09:22:33,920 | INFO | Processing request of type CallToolRequest
2026-03-02 09:33:33,726 | INFO | Processing request of type ListToolsRequest
2026-03-02 09:33:47,402 | INFO | Processing request of type CallToolRequest
2026-03-02 09:43:18,197 | INFO | Processing request of type ListToolsRequest
2026-03-02 09:43:29,041 | INFO | Processing request of type CallToolRequest
2026-03-02 09:58:57,145 | INFO | Processing request of type ListToolsRequest
2026-03-02 09:59:02,429 | INFO | Processing request of type CallToolRequest
2026-03-02 09:59:02,434 | ERROR | Internal Error | SQLite objects created in a thread can only be used in that same thread. The object was created in thread id 18956 and this is thread id 4916.
2026-03-02 09:59:38,009 | INFO | Processing request of type CallToolRequest
2026-03-02 10:04:05,712 | INFO | Processing request of type ListToolsRequest
2026-03-02 10:04:09,943 | INFO | Processing request of type CallToolRequest
2026-03-02 10:04:09,989 | INFO | Transactions listed | Count=325
2026-03-02 10:04:27,023 | INFO | Processing request of type CallToolRequest
2026-03-02 10:20:48,304 | INFO | Processing request of type ListToolsRequest
2026-03-02 10:20:51,408 | INFO | Processing request of type CallToolRequest
2026-03-02 10:20:51,460 | INFO | Transactions listed | Count=325
2026-03-02 10:21:14,559 | INFO | Processing request of type CallToolRequest
2026-03-02 10:28:36,563 | INFO | Processing request of type ListToolsRequest
2026-03-02 10:28:41,071 | INFO | Processing request of type CallToolRequest
2026-03-02 10:28:41,122 | INFO | Transactions listed | Count=325
2026-03-02 10:28:58,949 | INFO | Processing request of type CallToolRequest
2026-03-02 10:32:23,656 | INFO | Processing request of type ListToolsRequest
2026-03-02 10:32:36,593 | INFO | Processing request of type CallToolRequest
2026-03-02 10:33:50,267 | INFO | Processing request of type ListToolsRequest
2026-03-02 10:33:59,884 | INFO | Processing request of type CallToolRequest
2026-03-02 10:40:13,964 | INFO | Processing request of type ListToolsRequest
2026-03-02 10:40:16,997 | INFO | Processing request of type CallToolRequest
2026-03-02 10:40:17,044 | INFO | Transactions listed | Count=325
2026-03-02 10:40:33,163 | INFO | Processing request of type CallToolRequest
2026-03-02 10:41:50,325 | INFO | Processing request of type ListToolsRequest
2026-03-02 10:41:58,883 | INFO | Processing request of type CallToolRequest
2026-03-02 10:51:14,607 | INFO | Processing request of type ListToolsRequest
2026-03-02 10:51:24,512 | INFO | Processing request of type CallToolRequest
2026-03-02 10:52:50,818 | INFO | Processing request of type ListToolsRequest
2026-03-02 10:52:58,557 | INFO | Processing request of type CallToolRequest
2026-03-02 10:55:40,138 | INFO | Processing request of type ListToolsRequest
2026-03-02 10:55:53,067 | INFO | Processing request of type CallToolRequest
2026-03-02 10:59:15,674 | INFO | Processing request of type ListToolsRequest
2026-03-02 10:59:26,097 | INFO | Processing request of type CallToolRequest
2026-03-02 11:07:57,230 | INFO | Processing request of type ListToolsRequest
2026-03-02 11:08:09,487 | INFO | Processing request of type CallToolRequest
2026-03-02 11:10:00,011 | INFO | Processing request of type ListToolsRequest
2026-03-02 11:10:07,923 | INFO | Processing request of type CallToolRequest
2026-03-02 11:10:33,419 | INFO | Processing request of type CallToolRequest
2026-03-02 11:11:17,023 | INFO | Processing request of type CallToolRequest
2026-03-02 11:25:01,138 | INFO | Processing request of type CallToolRequest
2026-03-02 11:29:02,344 | INFO | Processing request of type CallToolRequest
2026-03-02 11:29:19,257 | INFO | Processing request of type CallToolRequest
2026-03-02 11:29:34,283 | INFO | Processing request of type CallToolRequest
2026-03-02 11:30:12,882 | INFO | Processing request of type CallToolRequest
2026-03-02 11:30:40,607 | INFO | Processing request of type CallToolRequest
2026-03-02 11:38:26,742 | INFO | Processing request of type CallToolRequest
2026-03-02 11:38:28,781 | INFO | Processing request of type CallToolRequest
2026-03-02 11:38:58,767 | INFO | Processing request of type CallToolRequest
2026-03-02 11:40:50,886 | INFO | Processing request of type CallToolRequest
2026-03-02 11:44:54,893 | INFO | Request 14 cancelled - duplicate response suppressed
2026-03-02 11:45:22,720 | INFO | Processing request of type ListToolsRequest
2026-03-02 11:45:30,696 | INFO | Processing request of type CallToolRequest
2026-03-02 11:46:29,387 | INFO | Processing request of type CallToolRequest
2026-03-02 11:47:37,043 | INFO | Processing request of type CallToolRequest
2026-03-02 11:48:38,152 | INFO | Processing request of type CallToolRequest
2026-03-02 12:02:54,711 | INFO | Processing request of type ListToolsRequest
2026-03-02 12:03:03,590 | INFO | Processing request of type CallToolRequest
2026-03-02 12:03:03,759 | INFO | Warning: ValueWarning: No frequency information was provided, so inferred frequency MS will be used.
2026-03-02 12:04:29,964 | INFO | Processing request of type CallToolRequest
2026-03-02 12:04:30,109 | INFO | Warning: ValueWarning: No frequency information was provided, so inferred frequency MS will be used.
2026-03-02 12:05:02,217 | INFO | Processing request of type CallToolRequest
2026-03-02 12:05:02,302 | INFO | Warning: ValueWarning: No frequency information was provided, so inferred frequency MS will be used.
2026-03-02 15:15:48,030 | INFO | Processing request of type ListToolsRequest
2026-03-02 15:16:34,131 | INFO | Processing request of type CallToolRequest
2026-03-02 15:16:34,161 | INFO | Transaction added | ID=328
2026-03-02 15:17:16,558 | INFO | Processing request of type CallToolRequest
2026-03-02 15:17:16,568 | INFO | Transaction updated | ID=328
2026-03-02 15:18:32,037 | INFO | Processing request of type CallToolRequest
2026-03-02 15:18:32,044 | INFO | Transaction soft-deleted | ID=328
2026-03-02 15:18:43,605 | INFO | Processing request of type CallToolRequest
2026-03-02 15:18:43,612 | INFO | Transactions listed | Count=325
2026-03-02 15:19:06,507 | INFO | Processing request of type CallToolRequest
2026-03-02 15:19:34,789 | INFO | Processing request of type CallToolRequest
2026-03-02 15:20:07,268 | INFO | Processing request of type CallToolRequest
2026-03-02 15:20:33,834 | INFO | Processing request of type CallToolRequest
2026-03-02 15:21:09,650 | INFO | Processing request of type CallToolRequest
2026-03-02 15:21:40,480 | INFO | Processing request of type CallToolRequest
2026-03-02 15:21:58,460 | INFO | Processing request of type CallToolRequest
2026-03-02 15:22:24,893 | INFO | Processing request of type CallToolRequest
2026-03-02 15:22:49,544 | INFO | Processing request of type CallToolRequest
2026-03-02 15:23:06,722 | INFO | Processing request of type CallToolRequest
2026-03-02 15:23:23,856 | INFO | Processing request of type CallToolRequest
2026-03-02 15:23:24,022 | INFO | Warning: ValueWarning: No frequency information was provided, so inferred frequency MS will be used.
2026-03-02 15:23:59,790 | INFO | Processing request of type CallToolRequest
2026-03-02 15:23:59,967 | INFO | Warning: ValueWarning: No frequency information was provided, so inferred frequency MS will be used.
2026-03-02 15:27:45,605 | INFO | Processing request of type ListToolsRequest
2026-03-02 16:20:21,273 | INFO | Processing request of type ListToolsRequest
2026-03-02 16:20:21,279 | INFO | Processing request of type ListPromptsRequest
2026-03-02 16:20:21,282 | INFO | Processing request of type ListResourcesRequest
2026-03-02 16:24:01,739 | INFO | Processing request of type CallToolRequest
2026-03-02 16:24:01,992 | INFO | Warning: ValueWarning: No frequency information was provided, so inferred frequency MS will be used.
2026-03-02 16:24:40,532 | INFO | Processing request of type CallToolRequest
2026-03-02 16:39:39,931 | INFO | Processing request of type ListToolsRequest
2026-03-02 16:39:39,941 | INFO | Processing request of type ListPromptsRequest
2026-03-02 16:39:39,945 | INFO | Processing request of type ListResourcesRequest
2026-03-02 16:57:10,463 | INFO | Processing request of type CallToolRequest
2026-03-02 16:57:10,505 | WARNING | Business Error | Code=FIELD_MISMATCH | Message=Transaction type does not match category type.
2026-03-02 16:57:15,581 | INFO | Processing request of type CallToolRequest
2026-03-02 16:57:21,775 | INFO | Processing request of type CallToolRequest
2026-03-02 16:57:21,788 | INFO | Transactions listed | Count=325
2026-03-02 16:57:27,902 | INFO | Processing request of type CallToolRequest
2026-03-02 16:57:27,912 | INFO | Transaction added | ID=329
2026-03-02 16:57:47,700 | INFO | Processing request of type CallToolRequest
2026-03-02 16:57:47,716 | INFO | Transactions listed | Count=326
2026-03-02 17:03:20,249 | INFO | Processing request of type CallToolRequest
2026-03-02 17:03:52,586 | INFO | Processing request of type CallToolRequest
2026-03-02 17:03:59,629 | INFO | Processing request of type CallToolRequest
2026-03-02 17:04:05,395 | INFO | Processing request of type CallToolRequest
2026-03-02 17:04:48,588 | INFO | Processing request of type CallToolRequest
2026-03-02 17:05:00,920 | INFO | Processing request of type CallToolRequest
2026-03-02 17:05:54,256 | INFO | Processing request of type CallToolRequest
2026-03-02 17:06:01,532 | INFO | Processing request of type CallToolRequest
2026-03-02 17:06:08,959 | INFO | Processing request of type CallToolRequest
2026-03-02 17:06:36,444 | INFO | Processing request of type CallToolRequest
2026-03-02 17:06:43,862 | INFO | Processing request of type CallToolRequest
2026-03-02 17:06:50,241 | INFO | Processing request of type CallToolRequest
2026-03-02 17:07:23,625 | INFO | Processing request of type CallToolRequest
2026-03-02 17:07:23,970 | INFO | Warning: ValueWarning: No frequency information was provided, so inferred frequency MS will be used.
2026-03-02 17:08:04,083 | INFO | Processing request of type CallToolRequest
2026-03-02 17:08:04,358 | INFO | Warning: ValueWarning: No frequency information was provided, so inferred frequency MS will be used.
2026-03-02 17:08:11,535 | INFO | Processing request of type CallToolRequest
2026-03-02 17:08:11,736 | INFO | Warning: ValueWarning: No frequency information was provided, so inferred frequency MS will be used.
